info: Server connected to 8040 {"timestamp":"2021-05-05 19:40:14"}
info: Connection Successful! {"timestamp":"2021-05-05 19:40:14"}
info: Server connected to 8040 {"timestamp":"2021-05-07 12:10:25"}
info: Server connected to 8040 {"timestamp":"2021-05-07 12:10:27"}
info: Connection Successful! {"timestamp":"2021-05-07 12:10:27"}
info: Server connected to 8040 {"timestamp":"2021-05-07 12:10:33"}
info: Connection Successful! {"timestamp":"2021-05-07 12:10:33"}
info: Server connected to 8040 {"timestamp":"2021-05-07 12:10:37"}
info: Connection Successful! {"timestamp":"2021-05-07 12:10:37"}
info: Server connected to 8040 {"timestamp":"2021-05-07 12:10:40"}
info: Connection Successful! {"timestamp":"2021-05-07 12:10:40"}
info: Server connected to 8040 {"timestamp":"2021-05-07 12:10:50"}
info: Connection Successful! {"timestamp":"2021-05-07 12:10:50"}
info: Server connected to 8040 {"timestamp":"2021-05-07 12:10:51"}
info: Connection Successful! {"timestamp":"2021-05-07 12:10:51"}
info: Server connected to 8040 {"timestamp":"2021-05-07 12:10:54"}
info: Connection Successful! {"timestamp":"2021-05-07 12:10:54"}
info: Server connected to 8040 {"timestamp":"2021-05-07 12:10:57"}
info: Connection Successful! {"timestamp":"2021-05-07 12:10:57"}
info: Server connected to 8040 {"timestamp":"2021-05-07 12:10:59"}
info: Connection Successful! {"timestamp":"2021-05-07 12:10:59"}
info: Server connected to 8040 {"timestamp":"2021-05-07 12:12:01"}
info: Connection Successful! {"timestamp":"2021-05-07 12:12:01"}
info: Server connected to 8040 {"timestamp":"2021-05-07 12:13:51"}
info: Connection Successful! {"timestamp":"2021-05-07 12:13:51"}
info: Server connected to 8040 {"timestamp":"2021-05-07 12:13:55"}
info: Connection Successful! {"timestamp":"2021-05-07 12:13:55"}
info: Server connected to 8040 {"timestamp":"2021-05-07 12:14:01"}
info: Connection Successful! {"timestamp":"2021-05-07 12:14:01"}
info: Server connected to 8040 {"timestamp":"2021-05-07 12:14:02"}
info: Connection Successful! {"timestamp":"2021-05-07 12:14:02"}
info: Server connected to 8040 {"timestamp":"2021-05-07 12:17:10"}
info: Connection Successful! {"timestamp":"2021-05-07 12:17:10"}
info: Server connected to 8040 {"timestamp":"2021-05-07 12:17:13"}
info: Connection Successful! {"timestamp":"2021-05-07 12:17:13"}
info: Server connected to 8040 {"timestamp":"2021-05-07 12:17:57"}
info: Connection Successful! {"timestamp":"2021-05-07 12:17:57"}
info: Server connected to 8040 {"timestamp":"2021-05-07 12:17:59"}
info: Connection Successful! {"timestamp":"2021-05-07 12:18:00"}
info: Server connected to 8040 {"timestamp":"2021-05-07 12:18:01"}
info: Connection Successful! {"timestamp":"2021-05-07 12:18:01"}
info: Server connected to 8040 {"timestamp":"2021-05-07 12:18:23"}
info: Connection Successful! {"timestamp":"2021-05-07 12:18:23"}
info: Server connected to 8040 {"timestamp":"2021-05-07 12:18:28"}
info: Connection Successful! {"timestamp":"2021-05-07 12:18:28"}
info: Server connected to 8040 {"timestamp":"2021-05-07 12:18:33"}
info: Connection Successful! {"timestamp":"2021-05-07 12:18:33"}
info: Server connected to 8040 {"timestamp":"2021-05-07 12:18:36"}
info: Connection Successful! {"timestamp":"2021-05-07 12:18:36"}
info: Server connected to 8040 {"timestamp":"2021-05-07 12:18:38"}
info: Connection Successful! {"timestamp":"2021-05-07 12:18:38"}
info: Server connected to 8040 {"timestamp":"2021-05-07 12:18:48"}
info: Connection Successful! {"timestamp":"2021-05-07 12:18:48"}
info: Server connected to 8040 {"timestamp":"2021-05-07 12:19:02"}
info: Connection Successful! {"timestamp":"2021-05-07 12:19:02"}
info: Server connected to 8040 {"timestamp":"2021-05-07 12:19:06"}
info: Connection Successful! {"timestamp":"2021-05-07 12:19:06"}
info: Server connected to 8040 {"timestamp":"2021-05-07 12:19:17"}
info: Connection Successful! {"timestamp":"2021-05-07 12:19:17"}
info: Server connected to 8040 {"timestamp":"2021-05-07 12:55:15"}
info: Connection Successful! {"timestamp":"2021-05-07 12:55:15"}
info: Server connected to 8040 {"timestamp":"2021-05-07 12:55:22"}
info: Connection Successful! {"timestamp":"2021-05-07 12:55:22"}
info: Server connected to 8040 {"timestamp":"2021-05-07 12:55:29"}
info: Connection Successful! {"timestamp":"2021-05-07 12:55:29"}
info: Server connected to 8040 {"timestamp":"2021-05-07 12:57:04"}
info: Connection Successful! {"timestamp":"2021-05-07 12:57:04"}
info: Server connected to 8040 {"timestamp":"2021-05-07 12:57:16"}
info: Connection Successful! {"timestamp":"2021-05-07 12:57:16"}
info: Server connected to 8040 {"timestamp":"2021-05-07 12:57:32"}
info: Connection Successful! {"timestamp":"2021-05-07 12:57:32"}
info: Server connected to 8040 {"timestamp":"2021-05-07 12:57:41"}
info: Connection Successful! {"timestamp":"2021-05-07 12:57:41"}
info: Server connected to 8040 {"timestamp":"2021-05-07 12:58:06"}
info: Connection Successful! {"timestamp":"2021-05-07 12:58:06"}
info: Server connected to 8040 {"timestamp":"2021-05-07 12:58:33"}
info: Connection Successful! {"timestamp":"2021-05-07 12:58:33"}
info: Server connected to 8040 {"timestamp":"2021-05-07 12:58:34"}
info: Connection Successful! {"timestamp":"2021-05-07 12:58:34"}
info: Server connected to 8040 {"timestamp":"2021-05-07 13:00:10"}
info: Connection Successful! {"timestamp":"2021-05-07 13:00:10"}
info: Server connected to 8040 {"timestamp":"2021-05-07 13:00:27"}
info: Connection Successful! {"timestamp":"2021-05-07 13:00:27"}
info: Server connected to 8040 {"timestamp":"2021-05-07 13:00:30"}
info: Connection Successful! {"timestamp":"2021-05-07 13:00:30"}
info: Server connected to 8040 {"timestamp":"2021-05-07 13:00:33"}
info: Connection Successful! {"timestamp":"2021-05-07 13:00:33"}
info: Server connected to 8040 {"timestamp":"2021-05-07 13:00:42"}
info: Connection Successful! {"timestamp":"2021-05-07 13:00:42"}
info: Server connected to 8040 {"timestamp":"2021-05-07 13:19:29"}
info: Connection Successful! {"timestamp":"2021-05-07 13:19:29"}
error: Wrong Credentials  {"timestamp":"2021-05-07 13:23:04"}
info: Server connected to 8040 {"timestamp":"2021-05-07 13:23:28"}
info: Connection Successful! {"timestamp":"2021-05-07 13:23:28"}
info: Server connected to 8040 {"timestamp":"2021-05-07 13:23:31"}
info: Connection Successful! {"timestamp":"2021-05-07 13:23:31"}
info: Server connected to 8040 {"timestamp":"2021-05-07 13:23:38"}
info: Connection Successful! {"timestamp":"2021-05-07 13:23:38"}
info: Server connected to 8040 {"timestamp":"2021-05-07 13:23:51"}
info: Connection Successful! {"timestamp":"2021-05-07 13:23:51"}
info: Server connected to 8040 {"timestamp":"2021-05-07 13:23:56"}
info: Connection Successful! {"timestamp":"2021-05-07 13:23:56"}
info: Server connected to 8040 {"timestamp":"2021-05-07 13:23:59"}
info: Connection Successful! {"timestamp":"2021-05-07 13:23:59"}
info: Server connected to 8040 {"timestamp":"2021-05-07 13:24:13"}
info: Connection Successful! {"timestamp":"2021-05-07 13:24:13"}
info: Server connected to 8040 {"timestamp":"2021-05-07 13:24:17"}
info: Connection Successful! {"timestamp":"2021-05-07 13:24:17"}
info: Server connected to 8040 {"timestamp":"2021-05-07 13:24:21"}
info: Connection Successful! {"timestamp":"2021-05-07 13:24:21"}
info: Server connected to 8040 {"timestamp":"2021-05-07 13:24:28"}
info: Connection Successful! {"timestamp":"2021-05-07 13:24:29"}
info: Server connected to 8040 {"timestamp":"2021-05-07 13:24:32"}
info: Connection Successful! {"timestamp":"2021-05-07 13:24:32"}
info: Server connected to 8040 {"timestamp":"2021-05-07 13:24:37"}
info: Connection Successful! {"timestamp":"2021-05-07 13:24:37"}
info: Server connected to 8040 {"timestamp":"2021-05-07 13:25:25"}
info: Connection Successful! {"timestamp":"2021-05-07 13:25:25"}
error: Wrong Credentials  {"timestamp":"2021-05-07 13:25:25"}
info: Server connected to 8040 {"timestamp":"2021-05-07 13:26:16"}
info: Connection Successful! {"timestamp":"2021-05-07 13:26:16"}
error: Wrong Credentials  {"timestamp":"2021-05-07 13:26:16"}
error: Wrong Credentials  {"timestamp":"2021-05-07 13:28:11"}
error: Wrong Credentials  {"timestamp":"2021-05-07 13:28:12"}
info: Server connected to 8040 {"timestamp":"2021-05-07 13:28:30"}
info: Connection Successful! {"timestamp":"2021-05-07 13:28:30"}
info: Server connected to 8040 {"timestamp":"2021-05-07 13:28:43"}
info: Connection Successful! {"timestamp":"2021-05-07 13:28:43"}
info: Server connected to 8040 {"timestamp":"2021-05-07 13:28:52"}
info: Connection Successful! {"timestamp":"2021-05-07 13:28:52"}
error: Wrong Credentials  {"timestamp":"2021-05-07 13:28:57"}
error: Wrong Credentials  {"timestamp":"2021-05-07 13:28:58"}
error: Wrong Credentials  {"timestamp":"2021-05-07 13:28:59"}
error: Wrong Credentials  {"timestamp":"2021-05-07 13:28:59"}
error: Wrong Credentials  {"timestamp":"2021-05-07 13:29:00"}
error: Wrong Credentials  {"timestamp":"2021-05-07 13:29:00"}
error: Wrong Credentials  {"timestamp":"2021-05-07 13:29:00"}
error: Wrong Credentials  {"timestamp":"2021-05-07 13:29:00"}
error: Wrong Credentials  {"timestamp":"2021-05-07 13:29:00"}
error: Wrong Credentials  {"timestamp":"2021-05-07 13:29:01"}
error: Wrong Credentials  {"timestamp":"2021-05-07 13:29:01"}
error: Wrong Credentials  {"timestamp":"2021-05-07 13:29:04"}
error: Wrong Credentials  {"timestamp":"2021-05-07 13:29:06"}
info: Server connected to 8040 {"timestamp":"2021-05-07 13:29:09"}
info: Connection Successful! {"timestamp":"2021-05-07 13:29:09"}
error: Wrong Credentials  {"timestamp":"2021-05-07 13:29:12"}
error: Wrong Credentials  {"timestamp":"2021-05-07 13:29:12"}
error: Wrong Credentials  {"timestamp":"2021-05-07 13:29:20"}
error: Wrong Credentials  {"timestamp":"2021-05-07 13:29:22"}
error: Wrong Credentials  {"timestamp":"2021-05-07 13:29:23"}
error: Wrong Credentials  {"timestamp":"2021-05-07 13:29:23"}
error: Wrong Credentials  {"timestamp":"2021-05-07 13:29:23"}
error: Wrong Credentials  {"timestamp":"2021-05-07 13:30:09"}
error: Wrong Credentials  {"timestamp":"2021-05-07 13:30:13"}
error: Wrong Credentials  {"timestamp":"2021-05-07 13:30:13"}
info: Server connected to 8040 {"timestamp":"2021-05-07 13:30:24"}
info: Connection Successful! {"timestamp":"2021-05-07 13:30:24"}
info: Server connected to 8040 {"timestamp":"2021-05-07 13:30:31"}
info: Connection Successful! {"timestamp":"2021-05-07 13:30:31"}
info: Server connected to 8040 {"timestamp":"2021-05-07 13:30:45"}
info: Connection Successful! {"timestamp":"2021-05-07 13:30:45"}
error: Wrong Credentials  {"timestamp":"2021-05-07 13:30:46"}
error: Wrong Credentials  {"timestamp":"2021-05-07 13:30:47"}
error: Wrong Credentials  {"timestamp":"2021-05-07 13:30:53"}
error: Wrong Credentials  {"timestamp":"2021-05-07 13:30:54"}
error: Wrong Credentials  {"timestamp":"2021-05-07 13:30:54"}
error: Wrong Credentials  {"timestamp":"2021-05-07 13:30:54"}
error: Wrong Credentials  {"timestamp":"2021-05-07 13:30:55"}
error: Wrong Credentials  {"timestamp":"2021-05-07 13:30:55"}
error: Wrong Credentials  {"timestamp":"2021-05-07 13:31:01"}
error: Wrong Credentials  {"timestamp":"2021-05-07 13:31:01"}
error: Wrong Credentials  {"timestamp":"2021-05-07 13:31:02"}
error: Wrong Credentials  {"timestamp":"2021-05-07 13:31:02"}
error: Wrong Credentials  {"timestamp":"2021-05-07 13:31:02"}
error: Wrong Credentials  {"timestamp":"2021-05-07 13:31:05"}
error: Wrong Credentials  {"timestamp":"2021-05-07 13:31:06"}
error: Wrong Credentials  {"timestamp":"2021-05-07 13:31:06"}
error: Wrong Credentials  {"timestamp":"2021-05-07 13:31:06"}
error: Wrong Credentials  {"timestamp":"2021-05-07 13:31:07"}
error: Wrong Credentials  {"timestamp":"2021-05-07 13:31:09"}
error: Wrong Credentials  {"timestamp":"2021-05-07 13:31:10"}
error: Wrong Credentials  {"timestamp":"2021-05-07 13:31:10"}
error: Wrong Credentials  {"timestamp":"2021-05-07 13:31:10"}
error: Wrong Credentials  {"timestamp":"2021-05-07 13:31:11"}
error: Wrong Credentials  {"timestamp":"2021-05-07 13:31:11"}
error: Wrong Credentials  {"timestamp":"2021-05-07 13:31:11"}
error: Wrong Credentials  {"timestamp":"2021-05-07 13:31:11"}
error: Wrong Credentials  {"timestamp":"2021-05-07 13:31:11"}
error: Wrong Credentials  {"timestamp":"2021-05-07 13:31:12"}
error: Wrong Credentials  {"timestamp":"2021-05-07 13:31:25"}
error: Wrong Credentials  {"timestamp":"2021-05-07 13:31:26"}
error: Wrong Credentials  {"timestamp":"2021-05-07 13:31:26"}
error: Wrong Credentials  {"timestamp":"2021-05-07 13:31:26"}
error: Wrong Credentials  {"timestamp":"2021-05-07 13:31:26"}
error: Wrong Credentials  {"timestamp":"2021-05-07 13:31:27"}
error: Wrong Credentials  {"timestamp":"2021-05-07 13:31:27"}
error: Wrong Credentials  {"timestamp":"2021-05-07 13:31:27"}
error: Wrong Credentials  {"timestamp":"2021-05-07 13:31:27"}
error: Wrong Credentials  {"timestamp":"2021-05-07 13:31:27"}
error: Wrong Credentials  {"timestamp":"2021-05-07 13:31:28"}
error: Wrong Credentials  {"timestamp":"2021-05-07 13:31:28"}
error: Wrong Credentials  {"timestamp":"2021-05-07 13:31:28"}
error: Wrong Credentials  {"timestamp":"2021-05-07 13:31:28"}
error: Wrong Credentials  {"timestamp":"2021-05-07 13:31:28"}
error: Wrong Credentials  {"timestamp":"2021-05-07 13:31:30"}
error: Wrong Credentials  {"timestamp":"2021-05-07 13:31:30"}
error: Wrong Credentials  {"timestamp":"2021-05-07 13:31:30"}
error: Wrong Credentials  {"timestamp":"2021-05-07 13:31:30"}
info: Server connected to 8040 {"timestamp":"2021-05-07 13:31:38"}
info: Connection Successful! {"timestamp":"2021-05-07 13:31:38"}
error: Wrong Credentials  {"timestamp":"2021-05-07 13:32:11"}
info: Server connected to 8040 {"timestamp":"2021-05-07 13:32:39"}
info: Connection Successful! {"timestamp":"2021-05-07 13:32:39"}
info: Server connected to 8040 {"timestamp":"2021-05-07 13:32:42"}
info: Connection Successful! {"timestamp":"2021-05-07 13:32:42"}
info: Server connected to 8040 {"timestamp":"2021-05-07 13:32:44"}
info: Connection Successful! {"timestamp":"2021-05-07 13:32:44"}
info: Server connected to 8040 {"timestamp":"2021-05-07 13:32:49"}
info: Connection Successful! {"timestamp":"2021-05-07 13:32:49"}
info: Server connected to 8040 {"timestamp":"2021-05-07 13:33:10"}
info: Connection Successful! {"timestamp":"2021-05-07 13:33:10"}
info: Server connected to 8040 {"timestamp":"2021-05-07 13:33:21"}
info: Connection Successful! {"timestamp":"2021-05-07 13:33:21"}
error: Wrong Credentials  {"timestamp":"2021-05-07 13:33:22"}
error: Wrong Credentials  {"timestamp":"2021-05-07 13:33:23"}
error: Wrong Credentials  {"timestamp":"2021-05-07 13:34:10"}
error: Wrong Credentials  {"timestamp":"2021-05-07 13:34:12"}
error: Wrong Credentials  {"timestamp":"2021-05-07 13:34:12"}
info: Server connected to 8040 {"timestamp":"2021-05-07 13:34:39"}
info: Connection Successful! {"timestamp":"2021-05-07 13:34:39"}
error: Wrong Credentials  {"timestamp":"2021-05-07 13:35:10"}
info: Server connected to 8040 {"timestamp":"2021-05-07 13:35:19"}
info: Connection Successful! {"timestamp":"2021-05-07 13:35:19"}
info: Server connected to 8040 {"timestamp":"2021-05-07 13:35:28"}
info: Connection Successful! {"timestamp":"2021-05-07 13:35:28"}
info: Server connected to 8040 {"timestamp":"2021-05-07 13:35:34"}
info: Connection Successful! {"timestamp":"2021-05-07 13:35:34"}
info: Server connected to 8040 {"timestamp":"2021-05-07 13:35:40"}
info: Connection Successful! {"timestamp":"2021-05-07 13:35:40"}
info: Server connected to 8040 {"timestamp":"2021-05-07 13:35:42"}
info: Connection Successful! {"timestamp":"2021-05-07 13:35:42"}
error: Wrong Credentials  {"timestamp":"2021-05-07 13:35:46"}
info: Server connected to 8040 {"timestamp":"2021-05-07 13:36:07"}
info: Connection Successful! {"timestamp":"2021-05-07 13:36:07"}
info: Login Successfully!! {"timestamp":"2021-05-07 13:36:09"}
info: Welcome, ali@gmail.com {"timestamp":"2021-05-07 13:36:09"}
info: Server connected to 8040 {"timestamp":"2021-05-07 13:36:21"}
info: Connection Successful! {"timestamp":"2021-05-07 13:36:21"}
info: Server connected to 8040 {"timestamp":"2021-05-07 13:36:25"}
info: Connection Successful! {"timestamp":"2021-05-07 13:36:25"}
info: Server connected to 8040 {"timestamp":"2021-05-07 13:38:03"}
info: Connection Successful! {"timestamp":"2021-05-07 13:38:03"}
info: Server connected to 8040 {"timestamp":"2021-05-07 13:38:05"}
info: Connection Successful! {"timestamp":"2021-05-07 13:38:05"}
info: Server connected to 8040 {"timestamp":"2021-05-07 13:38:08"}
info: Connection Successful! {"timestamp":"2021-05-07 13:38:09"}
info: Server connected to 8040 {"timestamp":"2021-05-07 13:38:34"}
info: Connection Successful! {"timestamp":"2021-05-07 13:38:34"}
info: Server connected to 8040 {"timestamp":"2021-05-07 13:38:51"}
info: Connection Successful! {"timestamp":"2021-05-07 13:38:51"}
info: Server connected to 8040 {"timestamp":"2021-05-07 13:39:34"}
info: Connection Successful! {"timestamp":"2021-05-07 13:39:34"}
info: Server connected to 8040 {"timestamp":"2021-05-07 13:39:41"}
info: Connection Successful! {"timestamp":"2021-05-07 13:39:41"}
info: Server connected to 8040 {"timestamp":"2021-05-07 13:39:44"}
info: Connection Successful! {"timestamp":"2021-05-07 13:39:44"}
info: Server connected to 8040 {"timestamp":"2021-05-07 13:39:49"}
info: Connection Successful! {"timestamp":"2021-05-07 13:39:49"}
info: Server connected to 8040 {"timestamp":"2021-05-07 13:39:52"}
info: Connection Successful! {"timestamp":"2021-05-07 13:39:52"}
info: Server connected to 8040 {"timestamp":"2021-05-07 13:39:54"}
info: Connection Successful! {"timestamp":"2021-05-07 13:39:54"}
info: Server connected to 8040 {"timestamp":"2021-05-07 13:40:10"}
info: Connection Successful! {"timestamp":"2021-05-07 13:40:10"}
info: Server connected to 8040 {"timestamp":"2021-05-07 13:40:21"}
info: Connection Successful! {"timestamp":"2021-05-07 13:40:21"}
info: Server connected to 8040 {"timestamp":"2021-05-07 13:40:24"}
info: Connection Successful! {"timestamp":"2021-05-07 13:40:24"}
info: Server connected to 8040 {"timestamp":"2021-05-07 13:40:31"}
info: Connection Successful! {"timestamp":"2021-05-07 13:40:31"}
info: Server connected to 8040 {"timestamp":"2021-05-07 13:40:34"}
info: Connection Successful! {"timestamp":"2021-05-07 13:40:34"}
info: Server connected to 8040 {"timestamp":"2021-05-07 13:40:37"}
info: Connection Successful! {"timestamp":"2021-05-07 13:40:37"}
info: Server connected to 8040 {"timestamp":"2021-05-07 13:40:44"}
info: Connection Successful! {"timestamp":"2021-05-07 13:40:44"}
info: Server connected to 8040 {"timestamp":"2021-05-07 13:41:06"}
info: Connection Successful! {"timestamp":"2021-05-07 13:41:06"}
info: Server connected to 8040 {"timestamp":"2021-05-07 13:41:16"}
info: Connection Successful! {"timestamp":"2021-05-07 13:41:16"}
info: Server connected to 8040 {"timestamp":"2021-05-07 13:41:20"}
info: Connection Successful! {"timestamp":"2021-05-07 13:41:20"}
info: Server connected to 8040 {"timestamp":"2021-05-07 13:41:25"}
info: Connection Successful! {"timestamp":"2021-05-07 13:41:25"}
info: Server connected to 8040 {"timestamp":"2021-05-07 13:41:29"}
info: Connection Successful! {"timestamp":"2021-05-07 13:41:29"}
info: Server connected to 8040 {"timestamp":"2021-05-07 13:41:31"}
info: Connection Successful! {"timestamp":"2021-05-07 13:41:31"}
info: Server connected to 8040 {"timestamp":"2021-05-07 13:41:44"}
info: Connection Successful! {"timestamp":"2021-05-07 13:41:45"}
info: Server connected to 8040 {"timestamp":"2021-05-07 13:41:52"}
info: Connection Successful! {"timestamp":"2021-05-07 13:41:52"}
info: Server connected to 8040 {"timestamp":"2021-05-07 13:41:55"}
info: Connection Successful! {"timestamp":"2021-05-07 13:41:55"}
info: Server connected to 8040 {"timestamp":"2021-05-07 13:42:01"}
info: Connection Successful! {"timestamp":"2021-05-07 13:42:01"}
info: Server connected to 8040 {"timestamp":"2021-05-07 13:42:04"}
info: Connection Successful! {"timestamp":"2021-05-07 13:42:04"}
info: Server connected to 8040 {"timestamp":"2021-05-07 13:42:07"}
info: Connection Successful! {"timestamp":"2021-05-07 13:42:07"}
info: Server connected to 8040 {"timestamp":"2021-05-07 13:42:12"}
info: Connection Successful! {"timestamp":"2021-05-07 13:42:12"}
info: Server connected to 8040 {"timestamp":"2021-05-07 13:42:17"}
info: Connection Successful! {"timestamp":"2021-05-07 13:42:17"}
info: Server connected to 8040 {"timestamp":"2021-05-07 13:42:31"}
info: Connection Successful! {"timestamp":"2021-05-07 13:42:31"}
info: Server connected to 8040 {"timestamp":"2021-05-07 13:42:44"}
info: Connection Successful! {"timestamp":"2021-05-07 13:42:44"}
info: Server connected to 8040 {"timestamp":"2021-05-07 13:43:01"}
info: Connection Successful! {"timestamp":"2021-05-07 13:43:01"}
info: Server connected to 8040 {"timestamp":"2021-05-07 13:43:08"}
info: Connection Successful! {"timestamp":"2021-05-07 13:43:08"}
info: Server connected to 8040 {"timestamp":"2021-05-07 13:43:18"}
info: Connection Successful! {"timestamp":"2021-05-07 13:43:18"}
info: Server connected to 8040 {"timestamp":"2021-05-07 13:43:22"}
info: Connection Successful! {"timestamp":"2021-05-07 13:43:22"}
info: Server connected to 8040 {"timestamp":"2021-05-07 13:43:55"}
info: Connection Successful! {"timestamp":"2021-05-07 13:43:55"}
info: Server connected to 8040 {"timestamp":"2021-05-07 13:44:53"}
info: Connection Successful! {"timestamp":"2021-05-07 13:44:53"}
info: Server connected to 8040 {"timestamp":"2021-05-07 13:44:58"}
info: Connection Successful! {"timestamp":"2021-05-07 13:44:58"}
info: Server connected to 8040 {"timestamp":"2021-05-07 13:45:04"}
info: Connection Successful! {"timestamp":"2021-05-07 13:45:04"}
info: Server connected to 8040 {"timestamp":"2021-05-07 13:45:07"}
info: Connection Successful! {"timestamp":"2021-05-07 13:45:07"}
info: Server connected to 8040 {"timestamp":"2021-05-07 13:48:45"}
info: Connection Successful! {"timestamp":"2021-05-07 13:48:45"}
info: Server connected to 8040 {"timestamp":"2021-05-07 13:50:45"}
info: Connection Successful! {"timestamp":"2021-05-07 13:50:45"}
info: Server connected to 8040 {"timestamp":"2021-05-07 13:50:52"}
info: Connection Successful! {"timestamp":"2021-05-07 13:50:52"}
info: Server connected to 8040 {"timestamp":"2021-05-07 13:50:59"}
info: Connection Successful! {"timestamp":"2021-05-07 13:50:59"}
info: Server connected to 8040 {"timestamp":"2021-05-07 13:51:03"}
info: Connection Successful! {"timestamp":"2021-05-07 13:51:03"}
info: Server connected to 8040 {"timestamp":"2021-05-07 13:51:10"}
info: Connection Successful! {"timestamp":"2021-05-07 13:51:10"}
info: Server connected to 8040 {"timestamp":"2021-05-07 13:51:28"}
info: Connection Successful! {"timestamp":"2021-05-07 13:51:28"}
info: Server connected to 8040 {"timestamp":"2021-05-07 13:52:42"}
info: Connection Successful! {"timestamp":"2021-05-07 13:52:42"}
info: Server connected to 8040 {"timestamp":"2021-05-07 13:52:50"}
info: Connection Successful! {"timestamp":"2021-05-07 13:52:50"}
info: Server connected to 8040 {"timestamp":"2021-05-07 13:52:53"}
info: Connection Successful! {"timestamp":"2021-05-07 13:52:53"}
info: Server connected to 8040 {"timestamp":"2021-05-07 13:53:18"}
info: Connection Successful! {"timestamp":"2021-05-07 13:53:18"}
info: Server connected to 8040 {"timestamp":"2021-05-07 13:53:22"}
info: Connection Successful! {"timestamp":"2021-05-07 13:53:22"}
info: Server connected to 8040 {"timestamp":"2021-05-07 13:53:25"}
info: Connection Successful! {"timestamp":"2021-05-07 13:53:25"}
info: Server connected to 8040 {"timestamp":"2021-05-07 13:53:31"}
info: Connection Successful! {"timestamp":"2021-05-07 13:53:31"}
info: Server connected to 8040 {"timestamp":"2021-05-07 13:53:55"}
info: Connection Successful! {"timestamp":"2021-05-07 13:53:55"}
info: Server connected to 8040 {"timestamp":"2021-05-07 13:53:59"}
info: Connection Successful! {"timestamp":"2021-05-07 13:53:59"}
info: Server connected to 8040 {"timestamp":"2021-05-07 13:54:03"}
info: Connection Successful! {"timestamp":"2021-05-07 13:54:03"}
info: Server connected to 8040 {"timestamp":"2021-05-07 13:54:05"}
info: Connection Successful! {"timestamp":"2021-05-07 13:54:05"}
info: Server connected to 8040 {"timestamp":"2021-05-07 13:54:09"}
info: Connection Successful! {"timestamp":"2021-05-07 13:54:09"}
info: Server connected to 8040 {"timestamp":"2021-05-07 13:57:05"}
info: Connection Successful! {"timestamp":"2021-05-07 13:57:05"}
info: Server connected to 8040 {"timestamp":"2021-05-07 13:57:07"}
info: Connection Successful! {"timestamp":"2021-05-07 13:57:07"}
info: Server connected to 8040 {"timestamp":"2021-05-07 13:57:42"}
info: Connection Successful! {"timestamp":"2021-05-07 13:57:42"}
info: Server connected to 8040 {"timestamp":"2021-05-07 13:57:44"}
info: Connection Successful! {"timestamp":"2021-05-07 13:57:44"}
info: Server connected to 8040 {"timestamp":"2021-05-07 13:57:45"}
info: Connection Successful! {"timestamp":"2021-05-07 13:57:45"}
info: Server connected to 8040 {"timestamp":"2021-05-07 13:58:08"}
info: Connection Successful! {"timestamp":"2021-05-07 13:58:08"}
info: Server connected to 8040 {"timestamp":"2021-05-07 13:58:10"}
info: Connection Successful! {"timestamp":"2021-05-07 13:58:10"}
info: Server connected to 8040 {"timestamp":"2021-05-07 13:58:30"}
info: Connection Successful! {"timestamp":"2021-05-07 13:58:30"}
info: Server connected to 8040 {"timestamp":"2021-05-07 13:58:37"}
info: Connection Successful! {"timestamp":"2021-05-07 13:58:37"}
info: Server connected to 8040 {"timestamp":"2021-05-07 13:58:52"}
info: Connection Successful! {"timestamp":"2021-05-07 13:58:52"}
info: Server connected to 8040 {"timestamp":"2021-05-07 13:58:56"}
info: Connection Successful! {"timestamp":"2021-05-07 13:58:56"}
info: Server connected to 8040 {"timestamp":"2021-05-07 13:58:57"}
info: Connection Successful! {"timestamp":"2021-05-07 13:58:57"}
info: Server connected to 8040 {"timestamp":"2021-05-07 13:59:14"}
info: Connection Successful! {"timestamp":"2021-05-07 13:59:14"}
info: Server connected to 8040 {"timestamp":"2021-05-07 13:59:16"}
info: Connection Successful! {"timestamp":"2021-05-07 13:59:16"}
info: Server connected to 8040 {"timestamp":"2021-05-07 13:59:17"}
info: Connection Successful! {"timestamp":"2021-05-07 13:59:17"}
info: Server connected to 8040 {"timestamp":"2021-05-07 13:59:22"}
info: Connection Successful! {"timestamp":"2021-05-07 13:59:22"}
info: Server connected to 8040 {"timestamp":"2021-05-07 13:59:25"}
info: Connection Successful! {"timestamp":"2021-05-07 13:59:25"}
info: Server connected to 8040 {"timestamp":"2021-05-07 13:59:30"}
info: Connection Successful! {"timestamp":"2021-05-07 13:59:30"}
info: Server connected to 8040 {"timestamp":"2021-05-07 14:00:12"}
info: Connection Successful! {"timestamp":"2021-05-07 14:00:12"}
info: Server connected to 8040 {"timestamp":"2021-05-07 14:00:14"}
info: Connection Successful! {"timestamp":"2021-05-07 14:00:15"}
info: Server connected to 8040 {"timestamp":"2021-05-07 14:01:32"}
info: Connection Successful! {"timestamp":"2021-05-07 14:01:32"}
info: Server connected to 8040 {"timestamp":"2021-05-07 14:01:38"}
info: Connection Successful! {"timestamp":"2021-05-07 14:01:38"}
info: Server connected to 8040 {"timestamp":"2021-05-07 14:01:40"}
info: Connection Successful! {"timestamp":"2021-05-07 14:01:40"}
info: Server connected to 8040 {"timestamp":"2021-05-07 14:01:42"}
info: Connection Successful! {"timestamp":"2021-05-07 14:01:42"}
info: Server connected to 8040 {"timestamp":"2021-05-07 14:02:01"}
info: Connection Successful! {"timestamp":"2021-05-07 14:02:01"}
info: Server connected to 8040 {"timestamp":"2021-05-07 14:02:31"}
info: Connection Successful! {"timestamp":"2021-05-07 14:02:31"}
info: Server connected to 8040 {"timestamp":"2021-05-07 14:04:18"}
info: Connection Successful! {"timestamp":"2021-05-07 14:04:18"}
info: Server connected to 8040 {"timestamp":"2021-05-07 14:04:30"}
info: Connection Successful! {"timestamp":"2021-05-07 14:04:30"}
info: Server connected to 8040 {"timestamp":"2021-05-07 14:04:35"}
info: Connection Successful! {"timestamp":"2021-05-07 14:04:35"}
info: Server connected to 8040 {"timestamp":"2021-05-07 14:04:37"}
info: Connection Successful! {"timestamp":"2021-05-07 14:04:37"}
info: Server connected to 8040 {"timestamp":"2021-05-07 14:04:46"}
info: Connection Successful! {"timestamp":"2021-05-07 14:04:46"}
info: Server connected to 8040 {"timestamp":"2021-05-07 14:04:55"}
info: Connection Successful! {"timestamp":"2021-05-07 14:04:55"}
info: Server connected to 8040 {"timestamp":"2021-05-07 14:05:48"}
info: Connection Successful! {"timestamp":"2021-05-07 14:05:48"}
info: Server connected to 8040 {"timestamp":"2021-05-07 14:05:54"}
info: Connection Successful! {"timestamp":"2021-05-07 14:05:54"}
info: Server connected to 8040 {"timestamp":"2021-05-07 14:06:22"}
info: Connection Successful! {"timestamp":"2021-05-07 14:06:22"}
info: Server connected to 8040 {"timestamp":"2021-05-07 14:06:42"}
info: Connection Successful! {"timestamp":"2021-05-07 14:06:42"}
info: Server connected to 8040 {"timestamp":"2021-05-07 14:07:03"}
info: Connection Successful! {"timestamp":"2021-05-07 14:07:04"}
info: Server connected to 8040 {"timestamp":"2021-05-07 14:07:39"}
info: Connection Successful! {"timestamp":"2021-05-07 14:07:39"}
info: Server connected to 8040 {"timestamp":"2021-05-07 14:11:21"}
info: Connection Successful! {"timestamp":"2021-05-07 14:11:21"}
info: Found: v@gmail.com {"timestamp":"2021-05-07 14:11:29"}
info: Server connected to 8040 {"timestamp":"2021-05-07 14:11:48"}
info: Connection Successful! {"timestamp":"2021-05-07 14:11:48"}
info: Server connected to 8040 {"timestamp":"2021-05-07 14:11:53"}
info: Connection Successful! {"timestamp":"2021-05-07 14:11:53"}
info: Server connected to 8040 {"timestamp":"2021-05-07 14:11:55"}
info: Connection Successful! {"timestamp":"2021-05-07 14:11:55"}
info: Server connected to 8040 {"timestamp":"2021-05-07 14:12:05"}
info: Connection Successful! {"timestamp":"2021-05-07 14:12:05"}
info: Record inserted Successfully {"timestamp":"2021-05-07 14:12:12"}
info: Found: v1@gmail.com {"timestamp":"2021-05-07 14:12:16"}
info: Server connected to 8040 {"timestamp":"2021-05-07 14:12:35"}
info: Connection Successful! {"timestamp":"2021-05-07 14:12:35"}
info: Server connected to 8040 {"timestamp":"2021-05-07 14:12:38"}
info: Connection Successful! {"timestamp":"2021-05-07 14:12:38"}
info: Server connected to 8040 {"timestamp":"2021-05-07 14:16:06"}
info: Connection Successful! {"timestamp":"2021-05-07 14:16:06"}
info: Server connected to 8040 {"timestamp":"2021-05-07 14:16:31"}
info: Connection Successful! {"timestamp":"2021-05-07 14:16:31"}
info: Server connected to 8040 {"timestamp":"2021-05-07 14:16:49"}
info: Connection Successful! {"timestamp":"2021-05-07 14:16:49"}
info: Server connected to 8040 {"timestamp":"2021-05-07 14:16:56"}
info: Connection Successful! {"timestamp":"2021-05-07 14:16:56"}
info: Server connected to 8040 {"timestamp":"2021-05-07 14:17:00"}
info: Connection Successful! {"timestamp":"2021-05-07 14:17:00"}
info: Server connected to 8040 {"timestamp":"2021-05-07 14:17:07"}
info: Connection Successful! {"timestamp":"2021-05-07 14:17:07"}
info: Server connected to 8040 {"timestamp":"2021-05-07 14:17:09"}
info: Connection Successful! {"timestamp":"2021-05-07 14:17:09"}
info: Server connected to 8040 {"timestamp":"2021-05-07 14:17:19"}
info: Connection Successful! {"timestamp":"2021-05-07 14:17:19"}
info: Server connected to 8040 {"timestamp":"2021-05-07 14:17:21"}
info: Connection Successful! {"timestamp":"2021-05-07 14:17:21"}
info: Server connected to 8040 {"timestamp":"2021-05-07 14:17:25"}
info: Connection Successful! {"timestamp":"2021-05-07 14:17:25"}
info: Server connected to 8040 {"timestamp":"2021-05-07 14:17:31"}
info: Connection Successful! {"timestamp":"2021-05-07 14:17:32"}
info: Server connected to 8040 {"timestamp":"2021-05-07 14:17:34"}
info: Connection Successful! {"timestamp":"2021-05-07 14:17:34"}
info: Server connected to 8040 {"timestamp":"2021-05-07 14:17:38"}
info: Connection Successful! {"timestamp":"2021-05-07 14:17:39"}
info: Server connected to 8040 {"timestamp":"2021-05-07 14:42:50"}
info: Connection Successful! {"timestamp":"2021-05-07 14:42:50"}
info: Server connected to 8040 {"timestamp":"2021-05-07 14:43:05"}
info: Connection Successful! {"timestamp":"2021-05-07 14:43:05"}
info: Found: v@gmail.com {"timestamp":"2021-05-07 14:43:32"}
info: Server connected to 8040 {"timestamp":"2021-05-07 14:43:51"}
info: Connection Successful! {"timestamp":"2021-05-07 14:43:52"}
info: Server connected to 8040 {"timestamp":"2021-05-07 14:56:55"}
info: Connection Successful! {"timestamp":"2021-05-07 14:56:55"}
info: Server connected to 8040 {"timestamp":"2021-05-07 14:57:23"}
info: Connection Successful! {"timestamp":"2021-05-07 14:57:23"}
info: Server connected to 8040 {"timestamp":"2021-05-07 14:57:57"}
info: Connection Successful! {"timestamp":"2021-05-07 14:57:57"}
info: Server connected to 8040 {"timestamp":"2021-05-07 14:58:34"}
info: Connection Successful! {"timestamp":"2021-05-07 14:58:35"}
info: Server connected to 8040 {"timestamp":"2021-05-07 14:59:52"}
info: Connection Successful! {"timestamp":"2021-05-07 14:59:53"}
info: Server connected to 8040 {"timestamp":"2021-05-07 15:00:50"}
info: Connection Successful! {"timestamp":"2021-05-07 15:00:50"}
info: Server connected to 8040 {"timestamp":"2021-05-07 15:01:22"}
info: Connection Successful! {"timestamp":"2021-05-07 15:01:22"}
info: Server connected to 8040 {"timestamp":"2021-05-07 15:02:06"}
info: Connection Successful! {"timestamp":"2021-05-07 15:02:06"}
info: Server connected to 8040 {"timestamp":"2021-05-07 15:02:28"}
info: Connection Successful! {"timestamp":"2021-05-07 15:02:28"}
info: Server connected to 8040 {"timestamp":"2021-05-07 15:02:59"}
info: Connection Successful! {"timestamp":"2021-05-07 15:03:00"}
info: Server connected to 8040 {"timestamp":"2021-05-07 15:03:24"}
info: Connection Successful! {"timestamp":"2021-05-07 15:03:24"}
info: Server connected to 8040 {"timestamp":"2021-05-07 15:04:10"}
info: Connection Successful! {"timestamp":"2021-05-07 15:04:10"}
info: Server connected to 8040 {"timestamp":"2021-05-07 15:05:04"}
info: Connection Successful! {"timestamp":"2021-05-07 15:05:04"}
info: Server connected to 8040 {"timestamp":"2021-05-07 15:06:04"}
info: Connection Successful! {"timestamp":"2021-05-07 15:06:04"}
info: Server connected to 8040 {"timestamp":"2021-05-07 15:08:35"}
info: Connection Successful! {"timestamp":"2021-05-07 15:08:36"}
info: Server connected to 8040 {"timestamp":"2021-05-07 15:09:05"}
info: Connection Successful! {"timestamp":"2021-05-07 15:09:06"}
info: Server connected to 8040 {"timestamp":"2021-05-07 15:11:12"}
info: Connection Successful! {"timestamp":"2021-05-07 15:11:12"}
info: Server connected to 8040 {"timestamp":"2021-05-07 15:11:52"}
info: Connection Successful! {"timestamp":"2021-05-07 15:11:52"}
info: Server connected to 8040 {"timestamp":"2021-05-07 15:12:24"}
info: Connection Successful! {"timestamp":"2021-05-07 15:12:24"}
info: Server connected to 8040 {"timestamp":"2021-05-07 15:12:41"}
info: Connection Successful! {"timestamp":"2021-05-07 15:12:41"}
info: Server connected to 8040 {"timestamp":"2021-05-07 15:12:49"}
info: Connection Successful! {"timestamp":"2021-05-07 15:12:49"}
info: Server connected to 8040 {"timestamp":"2021-05-07 15:15:10"}
info: Connection Successful! {"timestamp":"2021-05-07 15:15:10"}
info: Server connected to 8040 {"timestamp":"2021-05-07 15:15:51"}
info: Connection Successful! {"timestamp":"2021-05-07 15:15:51"}
info: Server connected to 8040 {"timestamp":"2021-05-07 15:22:50"}
info: Connection Successful! {"timestamp":"2021-05-07 15:22:50"}
info: Server connected to 8040 {"timestamp":"2021-05-07 15:24:43"}
info: Connection Successful! {"timestamp":"2021-05-07 15:24:43"}
info: Server connected to 8040 {"timestamp":"2021-05-07 15:24:46"}
info: Connection Successful! {"timestamp":"2021-05-07 15:24:46"}
info: Server connected to 8040 {"timestamp":"2021-05-07 15:24:50"}
info: Connection Successful! {"timestamp":"2021-05-07 15:24:51"}
info: Server connected to 8040 {"timestamp":"2021-05-07 15:28:50"}
info: Connection Successful! {"timestamp":"2021-05-07 15:28:50"}
info: Server connected to 8040 {"timestamp":"2021-05-07 15:29:56"}
info: Connection Successful! {"timestamp":"2021-05-07 15:29:56"}
info: Server connected to 8040 {"timestamp":"2021-05-07 15:30:30"}
info: Connection Successful! {"timestamp":"2021-05-07 15:30:31"}
info: Server connected to 8040 {"timestamp":"2021-05-07 15:31:21"}
info: Connection Successful! {"timestamp":"2021-05-07 15:31:22"}
info: Server connected to 8040 {"timestamp":"2021-05-07 15:34:11"}
info: Connection Successful! {"timestamp":"2021-05-07 15:34:11"}
info: Server connected to 8040 {"timestamp":"2021-05-07 15:35:58"}
info: Connection Successful! {"timestamp":"2021-05-07 15:35:58"}
info: Server connected to 8040 {"timestamp":"2021-05-07 15:36:06"}
info: Connection Successful! {"timestamp":"2021-05-07 15:36:06"}
info: Server connected to 8040 {"timestamp":"2021-05-07 15:36:12"}
info: Connection Successful! {"timestamp":"2021-05-07 15:36:12"}
info: Server connected to 8040 {"timestamp":"2021-05-07 15:36:42"}
info: Connection Successful! {"timestamp":"2021-05-07 15:36:42"}
info: Server connected to 8040 {"timestamp":"2021-05-07 15:37:03"}
info: Connection Successful! {"timestamp":"2021-05-07 15:37:03"}
info: Server connected to 8040 {"timestamp":"2021-05-07 15:38:22"}
info: Connection Successful! {"timestamp":"2021-05-07 15:38:22"}
info: Server connected to 8040 {"timestamp":"2021-05-07 15:39:20"}
info: Connection Successful! {"timestamp":"2021-05-07 15:39:20"}
info: Server connected to 8040 {"timestamp":"2021-05-07 15:54:34"}
info: Connection Successful! {"timestamp":"2021-05-07 15:54:35"}
info: Server connected to 8040 {"timestamp":"2021-05-07 15:56:18"}
info: Connection Successful! {"timestamp":"2021-05-07 15:56:18"}
info: Server connected to 8040 {"timestamp":"2021-05-07 15:56:41"}
info: Connection Successful! {"timestamp":"2021-05-07 15:56:42"}
info: Server connected to 8040 {"timestamp":"2021-05-07 15:56:51"}
info: Connection Successful! {"timestamp":"2021-05-07 15:56:51"}
info: Server connected to 8040 {"timestamp":"2021-05-07 15:58:18"}
info: Connection Successful! {"timestamp":"2021-05-07 15:58:19"}
info: Server connected to 8040 {"timestamp":"2021-05-07 16:00:21"}
info: Connection Successful! {"timestamp":"2021-05-07 16:00:21"}
info: Server connected to 8040 {"timestamp":"2021-05-07 16:00:56"}
info: Connection Successful! {"timestamp":"2021-05-07 16:00:56"}
info: Server connected to 8040 {"timestamp":"2021-05-07 16:01:37"}
info: Connection Successful! {"timestamp":"2021-05-07 16:01:37"}
info: Server connected to 8040 {"timestamp":"2021-05-07 16:05:17"}
info: Connection Successful! {"timestamp":"2021-05-07 16:05:17"}
info: Server connected to 8040 {"timestamp":"2021-05-07 16:05:28"}
info: Connection Successful! {"timestamp":"2021-05-07 16:05:28"}
info: Server connected to 8040 {"timestamp":"2021-05-07 16:06:07"}
info: Connection Successful! {"timestamp":"2021-05-07 16:06:08"}
info: Server connected to 8040 {"timestamp":"2021-05-07 16:26:26"}
info: Connection Successful! {"timestamp":"2021-05-07 16:26:27"}
info: Server connected to 8040 {"timestamp":"2021-05-07 16:27:42"}
info: Connection Successful! {"timestamp":"2021-05-07 16:27:42"}
info: Server connected to 8040 {"timestamp":"2021-05-07 16:28:01"}
info: Connection Successful! {"timestamp":"2021-05-07 16:28:02"}
info: Server connected to 8040 {"timestamp":"2021-05-07 16:28:07"}
info: Connection Successful! {"timestamp":"2021-05-07 16:28:07"}
info: Server connected to 8040 {"timestamp":"2021-05-07 16:29:20"}
info: Connection Successful! {"timestamp":"2021-05-07 16:29:20"}
info: Server connected to 8040 {"timestamp":"2021-05-07 16:29:28"}
info: Connection Successful! {"timestamp":"2021-05-07 16:29:28"}
info: Server connected to 8040 {"timestamp":"2021-05-07 16:29:39"}
info: Connection Successful! {"timestamp":"2021-05-07 16:29:39"}
info: Server connected to 8040 {"timestamp":"2021-05-07 16:29:41"}
info: Connection Successful! {"timestamp":"2021-05-07 16:29:41"}
info: Server connected to 8040 {"timestamp":"2021-05-07 16:29:46"}
info: Connection Successful! {"timestamp":"2021-05-07 16:29:46"}
info: Server connected to 8040 {"timestamp":"2021-05-07 16:29:49"}
info: Connection Successful! {"timestamp":"2021-05-07 16:29:49"}
info: Server connected to 8040 {"timestamp":"2021-05-07 16:46:15"}
info: Connection Successful! {"timestamp":"2021-05-07 16:46:15"}
info: Server connected to 8040 {"timestamp":"2021-05-07 16:46:35"}
info: Connection Successful! {"timestamp":"2021-05-07 16:46:35"}
info: Server connected to 8040 {"timestamp":"2021-05-07 21:09:11"}
info: Connection Successful! {"timestamp":"2021-05-07 21:09:14"}
info: Server connected to 8040 {"timestamp":"2021-05-07 21:09:34"}
info: Connection Successful! {"timestamp":"2021-05-07 21:09:34"}
info: Server connected to 8040 {"timestamp":"2021-05-07 21:11:11"}
info: Connection Successful! {"timestamp":"2021-05-07 21:11:11"}
info: Record inserted Successfully {"timestamp":"2021-05-07 21:13:36"}
info: Server connected to 8040 {"timestamp":"2021-05-07 21:18:39"}
info: Connection Successful! {"timestamp":"2021-05-07 21:18:39"}
info: Server connected to 8040 {"timestamp":"2021-05-07 21:19:12"}
info: Connection Successful! {"timestamp":"2021-05-07 21:19:12"}
info: Server connected to 8040 {"timestamp":"2021-05-07 21:19:17"}
info: Connection Successful! {"timestamp":"2021-05-07 21:19:17"}
info: Server connected to 8040 {"timestamp":"2021-05-07 21:19:20"}
info: Connection Successful! {"timestamp":"2021-05-07 21:19:20"}
info: Server connected to 8040 {"timestamp":"2021-05-07 21:19:29"}
info: Connection Successful! {"timestamp":"2021-05-07 21:19:29"}
info: Server connected to 8040 {"timestamp":"2021-05-07 21:19:31"}
info: Connection Successful! {"timestamp":"2021-05-07 21:19:31"}
info: Server connected to 8040 {"timestamp":"2021-05-07 21:20:03"}
info: Connection Successful! {"timestamp":"2021-05-07 21:20:03"}
info: Server connected to 8040 {"timestamp":"2021-05-09 12:58:02"}
info: Connection Successful! {"timestamp":"2021-05-09 12:58:05"}
info: Server connected to 8040 {"timestamp":"2021-05-09 13:00:17"}
info: Connection Successful! {"timestamp":"2021-05-09 13:00:18"}
info: Server connected to 8040 {"timestamp":"2021-05-09 13:01:36"}
info: Connection Successful! {"timestamp":"2021-05-09 13:01:36"}
info: Server connected to 8040 {"timestamp":"2021-05-09 16:27:48"}
info: Connection Successful! {"timestamp":"2021-05-09 16:27:48"}
info: Server connected to 8040 {"timestamp":"2021-05-10 08:13:14"}
info: Connection Successful! {"timestamp":"2021-05-10 08:13:14"}
info: Server connected to 8040 {"timestamp":"2021-05-10 08:14:58"}
info: Connection Successful! {"timestamp":"2021-05-10 08:14:58"}
info: Server connected to 8040 {"timestamp":"2021-05-10 08:15:45"}
info: Connection Successful! {"timestamp":"2021-05-10 08:15:45"}
info: Server connected to 8040 {"timestamp":"2021-05-10 08:15:49"}
info: Connection Successful! {"timestamp":"2021-05-10 08:15:49"}
info: Server connected to 8040 {"timestamp":"2021-05-10 08:17:56"}
info: Connection Successful! {"timestamp":"2021-05-10 08:17:56"}
info: Server connected to 8040 {"timestamp":"2021-05-10 08:18:20"}
info: Connection Successful! {"timestamp":"2021-05-10 08:18:20"}
info: Server connected to 8040 {"timestamp":"2021-05-10 08:18:26"}
info: Connection Successful! {"timestamp":"2021-05-10 08:18:26"}
info: Server connected to 8040 {"timestamp":"2021-05-10 08:19:06"}
info: Connection Successful! {"timestamp":"2021-05-10 08:19:06"}
info: Server connected to 8040 {"timestamp":"2021-05-10 08:19:29"}
info: Connection Successful! {"timestamp":"2021-05-10 08:19:29"}
info: Server connected to 8040 {"timestamp":"2021-05-10 08:19:30"}
info: Connection Successful! {"timestamp":"2021-05-10 08:19:30"}
info: Server connected to 8040 {"timestamp":"2021-05-10 08:19:37"}
info: Connection Successful! {"timestamp":"2021-05-10 08:19:37"}
info: Server connected to 8040 {"timestamp":"2021-05-10 08:19:41"}
info: Connection Successful! {"timestamp":"2021-05-10 08:19:41"}
info: Server connected to 8040 {"timestamp":"2021-05-10 08:19:43"}
info: Connection Successful! {"timestamp":"2021-05-10 08:19:43"}
info: Server connected to 8040 {"timestamp":"2021-05-10 08:20:03"}
info: Connection Successful! {"timestamp":"2021-05-10 08:20:03"}
info: Server connected to 8040 {"timestamp":"2021-05-10 08:20:41"}
info: Connection Successful! {"timestamp":"2021-05-10 08:20:41"}
info: Server connected to 8040 {"timestamp":"2021-05-10 08:20:48"}
info: Connection Successful! {"timestamp":"2021-05-10 08:20:48"}
info: Server connected to 8040 {"timestamp":"2021-05-10 08:21:15"}
info: Connection Successful! {"timestamp":"2021-05-10 08:21:15"}
info: Server connected to 8040 {"timestamp":"2021-05-10 08:21:17"}
info: Connection Successful! {"timestamp":"2021-05-10 08:21:17"}
info: Server connected to 8040 {"timestamp":"2021-05-10 08:21:25"}
info: Connection Successful! {"timestamp":"2021-05-10 08:21:25"}
info: Server connected to 8040 {"timestamp":"2021-05-10 08:21:36"}
info: Connection Successful! {"timestamp":"2021-05-10 08:21:36"}
info: Server connected to 8040 {"timestamp":"2021-05-10 08:21:46"}
info: Connection Successful! {"timestamp":"2021-05-10 08:21:46"}
info: Server connected to 8040 {"timestamp":"2021-05-10 08:21:47"}
info: Connection Successful! {"timestamp":"2021-05-10 08:21:47"}
info: Server connected to 8040 {"timestamp":"2021-05-10 08:22:40"}
info: Connection Successful! {"timestamp":"2021-05-10 08:22:40"}
info: Server connected to 8040 {"timestamp":"2021-05-10 08:22:46"}
info: Connection Successful! {"timestamp":"2021-05-10 08:22:46"}
info: Server connected to 8040 {"timestamp":"2021-05-10 08:22:48"}
info: Connection Successful! {"timestamp":"2021-05-10 08:22:48"}
info: Server connected to 8040 {"timestamp":"2021-05-10 08:22:59"}
info: Connection Successful! {"timestamp":"2021-05-10 08:22:59"}
info: Server connected to 8040 {"timestamp":"2021-05-10 08:23:05"}
info: Connection Successful! {"timestamp":"2021-05-10 08:23:05"}
info: Server connected to 8040 {"timestamp":"2021-05-10 08:26:54"}
info: Connection Successful! {"timestamp":"2021-05-10 08:26:54"}
info: Login Successfully!! {"timestamp":"2021-05-10 08:27:21"}
info: Welcome, ali@gmail.com {"timestamp":"2021-05-10 08:27:21"}
info: Server connected to 8040 {"timestamp":"2021-05-10 08:27:36"}
info: Connection Successful! {"timestamp":"2021-05-10 08:27:36"}
info: Server connected to 8040 {"timestamp":"2021-05-10 08:27:37"}
info: Connection Successful! {"timestamp":"2021-05-10 08:27:37"}
info: Server connected to 8040 {"timestamp":"2021-05-10 08:27:45"}
info: Connection Successful! {"timestamp":"2021-05-10 08:27:45"}
info: Server connected to 8040 {"timestamp":"2021-05-10 08:27:52"}
info: Connection Successful! {"timestamp":"2021-05-10 08:27:52"}
info: Server connected to 8040 {"timestamp":"2021-05-10 08:28:30"}
info: Connection Successful! {"timestamp":"2021-05-10 08:28:30"}
info: Server connected to 8040 {"timestamp":"2021-05-10 08:28:36"}
info: Connection Successful! {"timestamp":"2021-05-10 08:28:36"}
info: Server connected to 8040 {"timestamp":"2021-05-10 08:28:43"}
info: Connection Successful! {"timestamp":"2021-05-10 08:28:43"}
info: Server connected to 8040 {"timestamp":"2021-05-10 08:28:52"}
info: Connection Successful! {"timestamp":"2021-05-10 08:28:52"}
info: Server connected to 8040 {"timestamp":"2021-05-10 08:28:54"}
info: Connection Successful! {"timestamp":"2021-05-10 08:28:54"}
info: Server connected to 8040 {"timestamp":"2021-05-10 08:29:00"}
info: Connection Successful! {"timestamp":"2021-05-10 08:29:00"}
info: Server connected to 8040 {"timestamp":"2021-05-10 08:29:04"}
info: Connection Successful! {"timestamp":"2021-05-10 08:29:04"}
info: Server connected to 8040 {"timestamp":"2021-05-10 08:29:11"}
info: Connection Successful! {"timestamp":"2021-05-10 08:29:12"}
info: Server connected to 8040 {"timestamp":"2021-05-10 08:29:13"}
info: Connection Successful! {"timestamp":"2021-05-10 08:29:13"}
info: Server connected to 8040 {"timestamp":"2021-05-10 08:29:20"}
info: Connection Successful! {"timestamp":"2021-05-10 08:29:20"}
info: Server connected to 8040 {"timestamp":"2021-05-10 08:29:22"}
info: Connection Successful! {"timestamp":"2021-05-10 08:29:22"}
info: Login Successfully!! {"timestamp":"2021-05-10 08:29:23"}
info: Welcome, ali@gmail.com {"timestamp":"2021-05-10 08:29:23"}
info: Server connected to 8040 {"timestamp":"2021-05-10 08:41:48"}
info: Connection Successful! {"timestamp":"2021-05-10 08:41:48"}
info: Server connected to 8040 {"timestamp":"2021-05-10 08:44:17"}
info: Connection Successful! {"timestamp":"2021-05-10 08:44:17"}
info: Server connected to 8040 {"timestamp":"2021-05-10 08:45:52"}
info: Server connected to 8040 {"timestamp":"2021-05-10 08:45:57"}
info: Connection Successful! {"timestamp":"2021-05-10 08:45:57"}
info: Server connected to 8040 {"timestamp":"2021-05-10 08:45:59"}
info: Connection Successful! {"timestamp":"2021-05-10 08:45:59"}
info: Server connected to 8040 {"timestamp":"2021-05-10 08:46:01"}
info: Connection Successful! {"timestamp":"2021-05-10 08:46:01"}
info: Server connected to 8040 {"timestamp":"2021-05-10 08:46:08"}
info: Connection Successful! {"timestamp":"2021-05-10 08:46:08"}
info: Server connected to 8040 {"timestamp":"2021-05-10 08:46:13"}
info: Connection Successful! {"timestamp":"2021-05-10 08:46:13"}
info: Server connected to 8040 {"timestamp":"2021-05-10 08:46:50"}
info: Connection Successful! {"timestamp":"2021-05-10 08:46:50"}
info: Server connected to 8040 {"timestamp":"2021-05-10 08:46:58"}
info: Connection Successful! {"timestamp":"2021-05-10 08:46:58"}
info: Server connected to 8040 {"timestamp":"2021-05-10 08:47:28"}
info: Connection Successful! {"timestamp":"2021-05-10 08:47:28"}
info: Server connected to 8040 {"timestamp":"2021-05-10 08:47:52"}
info: Connection Successful! {"timestamp":"2021-05-10 08:47:52"}
info: Server connected to 8040 {"timestamp":"2021-05-10 08:47:54"}
info: Connection Successful! {"timestamp":"2021-05-10 08:47:54"}
info: Server connected to 8040 {"timestamp":"2021-05-10 08:47:57"}
info: Connection Successful! {"timestamp":"2021-05-10 08:47:57"}
info: Server connected to 8040 {"timestamp":"2021-05-10 08:48:00"}
info: Connection Successful! {"timestamp":"2021-05-10 08:48:00"}
info: Server connected to 8040 {"timestamp":"2021-05-10 08:48:08"}
info: Connection Successful! {"timestamp":"2021-05-10 08:48:08"}
info: Server connected to 8040 {"timestamp":"2021-05-10 08:48:09"}
info: Connection Successful! {"timestamp":"2021-05-10 08:48:09"}
info: Server connected to 8040 {"timestamp":"2021-05-10 08:48:12"}
info: Connection Successful! {"timestamp":"2021-05-10 08:48:12"}
info: Server connected to 8040 {"timestamp":"2021-05-10 08:48:16"}
info: Connection Successful! {"timestamp":"2021-05-10 08:48:16"}
info: Server connected to 8040 {"timestamp":"2021-05-10 08:48:18"}
info: Connection Successful! {"timestamp":"2021-05-10 08:48:18"}
error: Not Found:pranish@gmail.com {"timestamp":"2021-05-10 08:49:26"}
info: User Registered Successfully {"timestamp":"2021-05-10 08:49:26"}
info: Record inserted Successfully {"timestamp":"2021-05-10 08:49:26"}
error: Wrong Credentials  {"timestamp":"2021-05-10 08:49:52"}
info: Server connected to 8040 {"timestamp":"2021-05-10 08:50:29"}
info: Connection Successful! {"timestamp":"2021-05-10 08:50:29"}
info: Server connected to 8040 {"timestamp":"2021-05-10 08:53:27"}
info: Connection Successful! {"timestamp":"2021-05-10 08:53:28"}
info: Server connected to 8040 {"timestamp":"2021-05-10 08:53:30"}
info: Connection Successful! {"timestamp":"2021-05-10 08:53:30"}
info: Server connected to 8040 {"timestamp":"2021-05-10 08:54:58"}
info: Connection Successful! {"timestamp":"2021-05-10 08:54:58"}
info: Server connected to 8040 {"timestamp":"2021-05-10 08:55:03"}
info: Connection Successful! {"timestamp":"2021-05-10 08:55:03"}
info: Server connected to 8040 {"timestamp":"2021-05-10 08:55:08"}
info: Connection Successful! {"timestamp":"2021-05-10 08:55:08"}
info: Server connected to 8040 {"timestamp":"2021-05-10 08:55:17"}
info: Connection Successful! {"timestamp":"2021-05-10 08:55:17"}
info: Server connected to 8040 {"timestamp":"2021-05-10 08:56:17"}
info: Connection Successful! {"timestamp":"2021-05-10 08:56:17"}
info: Server connected to 8040 {"timestamp":"2021-05-10 09:05:12"}
info: Connection Successful! {"timestamp":"2021-05-10 09:05:12"}
info: Server connected to 8040 {"timestamp":"2021-05-10 09:09:14"}
info: Connection Successful! {"timestamp":"2021-05-10 09:09:14"}
info: Server connected to 8040 {"timestamp":"2021-05-10 09:10:47"}
info: Connection Successful! {"timestamp":"2021-05-10 09:10:47"}
info: Server connected to 8040 {"timestamp":"2021-05-10 09:10:48"}
info: Connection Successful! {"timestamp":"2021-05-10 09:10:48"}
info: Server connected to 8040 {"timestamp":"2021-05-10 09:10:55"}
info: Connection Successful! {"timestamp":"2021-05-10 09:10:55"}
info: Server connected to 8040 {"timestamp":"2021-05-10 09:11:05"}
info: Connection Successful! {"timestamp":"2021-05-10 09:11:05"}
info: Server connected to 8040 {"timestamp":"2021-05-10 09:11:38"}
info: Connection Successful! {"timestamp":"2021-05-10 09:11:38"}
info: Server connected to 8040 {"timestamp":"2021-05-10 09:11:42"}
info: Connection Successful! {"timestamp":"2021-05-10 09:11:42"}
info: Server connected to 8040 {"timestamp":"2021-05-10 09:12:29"}
info: Connection Successful! {"timestamp":"2021-05-10 09:12:29"}
info: Server connected to 8040 {"timestamp":"2021-05-10 09:12:36"}
info: Connection Successful! {"timestamp":"2021-05-10 09:12:36"}
info: Server connected to 8040 {"timestamp":"2021-05-10 09:12:40"}
info: Connection Successful! {"timestamp":"2021-05-10 09:12:40"}
info: Server connected to 8040 {"timestamp":"2021-05-10 09:12:47"}
info: Connection Successful! {"timestamp":"2021-05-10 09:12:47"}
info: Server connected to 8040 {"timestamp":"2021-05-10 09:12:55"}
info: Connection Successful! {"timestamp":"2021-05-10 09:12:55"}
info: Server connected to 8040 {"timestamp":"2021-05-10 09:13:11"}
info: Connection Successful! {"timestamp":"2021-05-10 09:13:11"}
error: Not Found:pp@gmail.com {"timestamp":"2021-05-10 09:14:26"}
info: Record inserted Successfully {"timestamp":"2021-05-10 09:14:27"}
info: User Registered Successfully {"timestamp":"2021-05-10 09:14:27"}
info: Server connected to 8040 {"timestamp":"2021-05-10 09:15:03"}
info: Connection Successful! {"timestamp":"2021-05-10 09:15:03"}
info: Server connected to 8040 {"timestamp":"2021-05-10 09:15:09"}
info: Connection Successful! {"timestamp":"2021-05-10 09:15:09"}
error: Wrong Credentials  {"timestamp":"2021-05-10 09:15:13"}
info: Server connected to 8040 {"timestamp":"2021-05-10 09:15:45"}
info: Connection Successful! {"timestamp":"2021-05-10 09:15:45"}
info: Server connected to 8040 {"timestamp":"2021-05-10 09:15:46"}
info: Connection Successful! {"timestamp":"2021-05-10 09:15:46"}
error: Not Found:d@gmail.com {"timestamp":"2021-05-10 09:16:19"}
info: Record inserted Successfully {"timestamp":"2021-05-10 09:16:19"}
info: User Registered Successfully {"timestamp":"2021-05-10 09:16:19"}
info: Server connected to 8040 {"timestamp":"2021-05-10 09:16:53"}
info: Connection Successful! {"timestamp":"2021-05-10 09:16:53"}
info: Server connected to 8040 {"timestamp":"2021-05-10 09:16:59"}
info: Connection Successful! {"timestamp":"2021-05-10 09:16:59"}
info: Server connected to 8040 {"timestamp":"2021-05-10 09:17:05"}
info: Connection Successful! {"timestamp":"2021-05-10 09:17:05"}
info: Server connected to 8040 {"timestamp":"2021-05-10 09:17:08"}
info: Connection Successful! {"timestamp":"2021-05-10 09:17:08"}
info: Server connected to 8040 {"timestamp":"2021-05-10 09:17:23"}
info: Connection Successful! {"timestamp":"2021-05-10 09:17:23"}
info: Server connected to 8040 {"timestamp":"2021-05-10 09:17:47"}
info: Connection Successful! {"timestamp":"2021-05-10 09:17:47"}
info: Server connected to 8040 {"timestamp":"2021-05-10 09:18:09"}
info: Connection Successful! {"timestamp":"2021-05-10 09:18:09"}
info: Server connected to 8040 {"timestamp":"2021-05-10 09:18:12"}
info: Connection Successful! {"timestamp":"2021-05-10 09:18:12"}
info: Server connected to 8040 {"timestamp":"2021-05-10 09:18:15"}
info: Connection Successful! {"timestamp":"2021-05-10 09:18:15"}
info: Server connected to 8040 {"timestamp":"2021-05-10 09:18:17"}
info: Connection Successful! {"timestamp":"2021-05-10 09:18:17"}
info: Server connected to 8040 {"timestamp":"2021-05-10 09:18:26"}
info: Connection Successful! {"timestamp":"2021-05-10 09:18:26"}
info: Server connected to 8040 {"timestamp":"2021-05-10 09:18:33"}
info: Connection Successful! {"timestamp":"2021-05-10 09:18:33"}
info: Server connected to 8040 {"timestamp":"2021-05-10 09:18:53"}
info: Connection Successful! {"timestamp":"2021-05-10 09:18:53"}
info: Server connected to 8040 {"timestamp":"2021-05-10 09:18:55"}
info: Connection Successful! {"timestamp":"2021-05-10 09:18:55"}
info: Server connected to 8040 {"timestamp":"2021-05-10 09:19:34"}
info: Connection Successful! {"timestamp":"2021-05-10 09:19:34"}
info: Server connected to 8040 {"timestamp":"2021-05-10 09:30:49"}
info: Connection Successful! {"timestamp":"2021-05-10 09:30:49"}
info: Server connected to 8040 {"timestamp":"2021-05-10 09:31:15"}
info: Connection Successful! {"timestamp":"2021-05-10 09:31:15"}
info: Server connected to 8040 {"timestamp":"2021-05-10 09:31:18"}
info: Connection Successful! {"timestamp":"2021-05-10 09:31:18"}
info: Server connected to 8040 {"timestamp":"2021-05-10 09:31:49"}
info: Connection Successful! {"timestamp":"2021-05-10 09:31:49"}
info: Server connected to 8040 {"timestamp":"2021-05-10 09:31:53"}
info: Connection Successful! {"timestamp":"2021-05-10 09:31:53"}
info: Server connected to 8040 {"timestamp":"2021-05-10 09:31:59"}
info: Connection Successful! {"timestamp":"2021-05-10 09:31:59"}
info: Server connected to 8040 {"timestamp":"2021-05-10 09:32:02"}
info: Connection Successful! {"timestamp":"2021-05-10 09:32:02"}
info: Server connected to 8040 {"timestamp":"2021-05-10 09:32:09"}
info: Connection Successful! {"timestamp":"2021-05-10 09:32:09"}
info: Server connected to 8040 {"timestamp":"2021-05-10 09:32:11"}
info: Connection Successful! {"timestamp":"2021-05-10 09:32:11"}
info: Server connected to 8040 {"timestamp":"2021-05-10 09:32:48"}
info: Connection Successful! {"timestamp":"2021-05-10 09:32:48"}
info: Server connected to 8040 {"timestamp":"2021-05-10 09:32:50"}
info: Connection Successful! {"timestamp":"2021-05-10 09:32:50"}
info: Server connected to 8040 {"timestamp":"2021-05-10 09:32:56"}
info: Connection Successful! {"timestamp":"2021-05-10 09:32:56"}
info: Server connected to 8040 {"timestamp":"2021-05-10 09:33:01"}
info: Connection Successful! {"timestamp":"2021-05-10 09:33:01"}
info: Server connected to 8040 {"timestamp":"2021-05-10 09:33:34"}
info: Connection Successful! {"timestamp":"2021-05-10 09:33:34"}
info: Server connected to 8040 {"timestamp":"2021-05-10 09:35:09"}
info: Connection Successful! {"timestamp":"2021-05-10 09:35:09"}
info: Server connected to 8040 {"timestamp":"2021-05-10 09:35:13"}
info: Connection Successful! {"timestamp":"2021-05-10 09:35:13"}
error: Not Found:a@gmail.com {"timestamp":"2021-05-10 09:36:14"}
info: Record inserted Successfully {"timestamp":"2021-05-10 09:36:14"}
info: User Registered Successfully {"timestamp":"2021-05-10 09:36:14"}
error: Wrong Credentials  {"timestamp":"2021-05-10 09:36:41"}
info: Server connected to 8040 {"timestamp":"2021-05-10 09:37:38"}
info: Connection Successful! {"timestamp":"2021-05-10 09:37:39"}
info: Server connected to 8040 {"timestamp":"2021-05-10 09:37:42"}
info: Connection Successful! {"timestamp":"2021-05-10 09:37:42"}
info: Server connected to 8040 {"timestamp":"2021-05-10 09:37:48"}
info: Connection Successful! {"timestamp":"2021-05-10 09:37:48"}
info: Server connected to 8040 {"timestamp":"2021-05-10 09:42:07"}
info: Connection Successful! {"timestamp":"2021-05-10 09:42:07"}
info: Server connected to 8040 {"timestamp":"2021-05-10 09:42:32"}
info: Connection Successful! {"timestamp":"2021-05-10 09:42:33"}
info: Server connected to 8040 {"timestamp":"2021-05-10 09:42:38"}
info: Connection Successful! {"timestamp":"2021-05-10 09:42:38"}
info: Server connected to 8040 {"timestamp":"2021-05-10 09:42:39"}
info: Connection Successful! {"timestamp":"2021-05-10 09:42:39"}
info: Server connected to 8040 {"timestamp":"2021-05-10 09:43:01"}
info: Connection Successful! {"timestamp":"2021-05-10 09:43:01"}
error: Not Found:p@gmail.com {"timestamp":"2021-05-10 09:44:03"}
info: Record inserted Successfully {"timestamp":"2021-05-10 09:44:03"}
info: User Registered Successfully {"timestamp":"2021-05-10 09:44:03"}
error: Wrong Credentials  {"timestamp":"2021-05-10 09:44:17"}
info: Server connected to 8040 {"timestamp":"2021-05-10 09:45:23"}
info: Connection Successful! {"timestamp":"2021-05-10 09:45:23"}
info: Server connected to 8040 {"timestamp":"2021-05-10 09:45:26"}
info: Connection Successful! {"timestamp":"2021-05-10 09:45:26"}
info: Server connected to 8040 {"timestamp":"2021-05-10 09:45:27"}
info: Connection Successful! {"timestamp":"2021-05-10 09:45:27"}
info: Server connected to 8040 {"timestamp":"2021-05-10 09:45:54"}
info: Connection Successful! {"timestamp":"2021-05-10 09:45:54"}
info: Server connected to 8040 {"timestamp":"2021-05-10 12:42:49"}
info: Connection Successful! {"timestamp":"2021-05-10 12:42:51"}
info: Server connected to 8040 {"timestamp":"2021-05-12 11:22:26"}
info: Connection Successful! {"timestamp":"2021-05-12 11:22:32"}
error: Not Found:p@gmail.com {"timestamp":"2021-05-12 11:23:19"}
info: User Registered Successfully {"timestamp":"2021-05-12 11:23:19"}
info: Record inserted Successfully {"timestamp":"2021-05-12 11:23:20"}
error: Wrong Credentials  {"timestamp":"2021-05-12 11:28:58"}
info: Server connected to 8040 {"timestamp":"2021-05-12 12:21:58"}
info: Connection Successful! {"timestamp":"2021-05-12 12:21:59"}
info: Found: p@gmail.com {"timestamp":"2021-05-12 12:23:44"}
error: User not registered {"timestamp":"2021-05-12 12:23:45"}
info: Server connected to 8040 {"timestamp":"2021-05-12 12:30:47"}
info: Connection Successful! {"timestamp":"2021-05-12 12:30:47"}
info: Server connected to 8040 {"timestamp":"2021-05-12 12:31:29"}
info: Connection Successful! {"timestamp":"2021-05-12 12:31:29"}
info: Server connected to 8040 {"timestamp":"2021-05-12 12:36:05"}
info: Server connected to 8040 {"timestamp":"2021-05-12 12:36:49"}
info: Server connected to 8040 {"timestamp":"2021-05-12 12:37:57"}
info: Connection Successful! {"timestamp":"2021-05-12 12:38:11"}
error: User not registered {"timestamp":"2021-05-12 12:38:44"}
info: Server connected to 8040 {"timestamp":"2021-05-12 12:40:57"}
info: Connection Successful! {"timestamp":"2021-05-12 12:41:04"}
info: Server connected to 8040 {"timestamp":"2021-05-12 12:43:03"}
info: Connection Successful! {"timestamp":"2021-05-12 12:43:07"}
error: Not Found:p@gmail.com {"timestamp":"2021-05-12 12:43:21"}
info: Server connected to 8040 {"timestamp":"2021-05-12 12:46:30"}
info: Connection Successful! {"timestamp":"2021-05-12 12:46:34"}
info: Server connected to 8040 {"timestamp":"2021-05-12 12:49:05"}
info: Connection Successful! {"timestamp":"2021-05-12 12:49:08"}
info: Server connected to 8040 {"timestamp":"2021-05-12 12:50:54"}
info: Connection Successful! {"timestamp":"2021-05-12 12:50:57"}
info: Server connected to 3000 {"timestamp":"2021-05-12 16:47:47"}
info: Connection Successful! {"timestamp":"2021-05-12 16:47:50"}
